0 info it worked if it ends with ok
1 verbose cli [ 'C:\\Program Files (x86)\\Microsoft Visual Studio\\2017\\Enterprise\\Web\\External\\Node.exe',
1 verbose cli   'C:\\Program Files (x86)\\Microsoft Visual Studio\\2017\\Enterprise\\Web\\External\\node_modules\\npm\\bin\\npm-cli.js',
1 verbose cli   'install',
1 verbose cli   'vue-async-computed@3.3.1' ]
2 info using npm@3.3.4
3 info using node@v5.4.1
4 silly loadCurrentTree Starting
5 silly install loadCurrentTree
6 silly install readLocalPackageData
7 silly fetchPackageMetaData vue-async-computed@3.3.1
8 silly fetchNamedPackageData vue-async-computed
9 silly mapToRegistry name vue-async-computed
10 silly mapToRegistry using default registry
11 silly mapToRegistry registry https://registry.npmjs.org/
12 silly mapToRegistry uri https://registry.npmjs.org/vue-async-computed
13 verbose get https://registry.npmjs.org/vue-async-computed not expired, no request
14 silly install normalizeTree
15 silly loadCurrentTree Finishing
16 silly loadIdealTree Starting
17 silly install loadIdealTree
18 silly cloneCurrentTree Starting
19 silly install cloneCurrentTreeToIdealTree
20 silly cloneCurrentTree Finishing
21 silly loadShrinkwrap Starting
22 silly install loadShrinkwrap
23 silly loadShrinkwrap Finishing
24 silly loadAllDepsIntoIdealTree Starting
25 silly install loadAllDepsIntoIdealTree
26 silly resolveWithNewModule vue-async-computed@3.3.1 checking installable status
27 silly cache add args [ 'vue-async-computed@3.3.1', null ]
28 verbose cache add spec vue-async-computed@3.3.1
29 silly cache add parsed spec Result {
29 silly cache add   raw: 'vue-async-computed@3.3.1',
29 silly cache add   scope: null,
29 silly cache add   name: 'vue-async-computed',
29 silly cache add   rawSpec: '3.3.1',
29 silly cache add   spec: '3.3.1',
29 silly cache add   type: 'version' }
30 silly addNamed vue-async-computed@3.3.1
31 verbose addNamed "3.3.1" is a plain semver version for vue-async-computed
32 silly mapToRegistry name vue-async-computed
33 silly mapToRegistry using default registry
34 silly mapToRegistry registry https://registry.npmjs.org/
35 silly mapToRegistry uri https://registry.npmjs.org/vue-async-computed
36 verbose addNameVersion registry:https://registry.npmjs.org/vue-async-computed not in flight; fetching
37 verbose get https://registry.npmjs.org/vue-async-computed not expired, no request
38 silly cache afterAdd vue-async-computed@3.3.1
39 verbose afterAdd C:\Users\A.Mykulych\AppData\Roaming\npm-cache\vue-async-computed\3.3.1\package\package.json not in flight; writing
40 verbose afterAdd C:\Users\A.Mykulych\AppData\Roaming\npm-cache\vue-async-computed\3.3.1\package\package.json written
41 silly fetchNamedPackageData lodash.merge
42 silly mapToRegistry name lodash.merge
43 silly mapToRegistry using default registry
44 silly mapToRegistry registry https://registry.npmjs.org/
45 silly mapToRegistry uri https://registry.npmjs.org/lodash.merge
46 verbose get https://registry.npmjs.org/lodash.merge not expired, no request
47 silly resolveWithNewModule lodash.merge@4.6.1 checking installable status
48 silly cache add args [ 'lodash.merge@^4.6.1', null ]
49 verbose cache add spec lodash.merge@^4.6.1
50 silly cache add parsed spec Result {
50 silly cache add   raw: 'lodash.merge@^4.6.1',
50 silly cache add   scope: null,
50 silly cache add   name: 'lodash.merge',
50 silly cache add   rawSpec: '^4.6.1',
50 silly cache add   spec: '>=4.6.1-0 <5.0.0-0',
50 silly cache add   type: 'range' }
51 silly addNamed lodash.merge@>=4.6.1-0 <5.0.0-0
52 verbose addNamed ">=4.6.1-0 <5.0.0-0" is a valid semver range for lodash.merge
53 silly addNameRange { name: 'lodash.merge',
53 silly addNameRange   range: '>=4.6.1-0 <5.0.0-0',
53 silly addNameRange   hasData: false }
54 silly mapToRegistry name lodash.merge
55 silly mapToRegistry using default registry
56 silly mapToRegistry registry https://registry.npmjs.org/
57 silly mapToRegistry uri https://registry.npmjs.org/lodash.merge
58 verbose addNameRange registry:https://registry.npmjs.org/lodash.merge not in flight; fetching
59 verbose get https://registry.npmjs.org/lodash.merge not expired, no request
60 silly addNameRange number 2 { name: 'lodash.merge',
60 silly addNameRange   range: '>=4.6.1-0 <5.0.0-0',
60 silly addNameRange   hasData: true }
61 silly addNameRange versions [ 'lodash.merge',
61 silly addNameRange   [ '2.0.0',
61 silly addNameRange     '2.1.0',
61 silly addNameRange     '2.2.0',
61 silly addNameRange     '2.2.1',
61 silly addNameRange     '2.3.0',
61 silly addNameRange     '2.4.0',
61 silly addNameRange     '2.4.1',
61 silly addNameRange     '3.0.0',
61 silly addNameRange     '3.0.1',
61 silly addNameRange     '3.0.2',
61 silly addNameRange     '3.0.3',
61 silly addNameRange     '3.1.0',
61 silly addNameRange     '3.2.0',
61 silly addNameRange     '3.2.1',
61 silly addNameRange     '3.3.0',
61 silly addNameRange     '3.3.1',
61 silly addNameRange     '3.3.2',
61 silly addNameRange     '4.0.0',
61 silly addNameRange     '4.0.1',
61 silly addNameRange     '4.0.2',
61 silly addNameRange     '4.0.3',
61 silly addNameRange     '4.0.4',
61 silly addNameRange     '4.1.0',
61 silly addNameRange     '4.1.1',
61 silly addNameRange     '4.2.0',
61 silly addNameRange     '4.3.0',
61 silly addNameRange     '4.3.1',
61 silly addNameRange     '4.3.2',
61 silly addNameRange     '4.3.3',
61 silly addNameRange     '4.3.4',
61 silly addNameRange     '4.3.5',
61 silly addNameRange     '4.4.0',
61 silly addNameRange     '4.5.0',
61 silly addNameRange     '4.5.1',
61 silly addNameRange     '4.6.0',
61 silly addNameRange     '4.6.1' ] ]
62 silly addNamed lodash.merge@4.6.1
63 verbose addNamed "4.6.1" is a plain semver version for lodash.merge
64 silly cache afterAdd lodash.merge@4.6.1
65 verbose afterAdd C:\Users\A.Mykulych\AppData\Roaming\npm-cache\lodash.merge\4.6.1\package\package.json not in flight; writing
66 verbose afterAdd C:\Users\A.Mykulych\AppData\Roaming\npm-cache\lodash.merge\4.6.1\package\package.json written
67 silly loadAllDepsIntoIdealTree Finishing
68 silly idealTree:prePrune asp.net@1.0.0
68 silly idealTree:prePrune ├── @types/jquery@3.3.1
68 silly idealTree:prePrune ├── @types/lodash@4.14.104
68 silly idealTree:prePrune ├── @types/node@9.4.7
68 silly idealTree:prePrune ├── axios@0.18.0
68 silly idealTree:prePrune ├── babel-runtime@6.26.0
68 silly idealTree:prePrune ├── bootstrap@4.0.0
68 silly idealTree:prePrune ├── core-js@2.5.3
68 silly idealTree:prePrune ├── debug@3.1.0
68 silly idealTree:prePrune ├── follow-redirects@1.4.1
68 silly idealTree:prePrune ├── is-buffer@1.1.6
68 silly idealTree:prePrune ├── jquery@3.3.1
68 silly idealTree:prePrune ├── jquery.easing@1.4.1
68 silly idealTree:prePrune ├── lodash@4.17.5
68 silly idealTree:prePrune ├── lodash.merge@4.6.1
68 silly idealTree:prePrune ├── ms@2.0.0
68 silly idealTree:prePrune ├── popper.js@1.12.9
68 silly idealTree:prePrune ├── regenerator-runtime@0.11.1
68 silly idealTree:prePrune ├── C:\Dev\Utk\Research frontend\asp net vue\HelloWorld\HelloWorld\node_modules\select2
68 silly idealTree:prePrune ├── C:\Dev\Utk\Research frontend\asp net vue\HelloWorld\HelloWorld\node_modules\syncfusion
68 silly idealTree:prePrune ├── C:\Dev\Utk\Research frontend\asp net vue\HelloWorld\HelloWorld\node_modules\@types\syncfusion
68 silly idealTree:prePrune ├── systemjs@0.21.0
68 silly idealTree:prePrune ├── vue@2.5.13
68 silly idealTree:prePrune ├── vue-async-computed@3.3.1
68 silly idealTree:prePrune ├── vue-async-data-2@0.0.2
68 silly idealTree:prePrune ├── vue-select@2.4.0
68 silly idealTree:prePrune ├── vuex@3.0.1
68 silly idealTree:prePrune ├─┬ vuex-persist@1.1.4
68 silly idealTree:prePrune │ ├── C:\Dev\Utk\Research frontend\asp net vue\HelloWorld\HelloWorld\node_modules\vuex-persist\node_modules\handlebars
68 silly idealTree:prePrune │ ├── C:\Dev\Utk\Research frontend\asp net vue\HelloWorld\HelloWorld\node_modules\vuex-persist\node_modules\inherits
68 silly idealTree:prePrune │ ├── C:\Dev\Utk\Research frontend\asp net vue\HelloWorld\HelloWorld\node_modules\vuex-persist\node_modules\interpret
68 silly idealTree:prePrune │ ├── C:\Dev\Utk\Research frontend\asp net vue\HelloWorld\HelloWorld\node_modules\vuex-persist\node_modules\is-buffer
68 silly idealTree:prePrune │ ├── C:\Dev\Utk\Research frontend\asp net vue\HelloWorld\HelloWorld\node_modules\vuex-persist\node_modules\is-dotfile
68 silly idealTree:prePrune │ ├── C:\Dev\Utk\Research frontend\asp net vue\HelloWorld\HelloWorld\node_modules\vuex-persist\node_modules\is-equal-shallow
68 silly idealTree:prePrune │ ├── C:\Dev\Utk\Research frontend\asp net vue\HelloWorld\HelloWorld\node_modules\vuex-persist\node_modules\is-extendable
68 silly idealTree:prePrune │ ├── C:\Dev\Utk\Research frontend\asp net vue\HelloWorld\HelloWorld\node_modules\vuex-persist\node_modules\is-extglob
68 silly idealTree:prePrune │ ├── C:\Dev\Utk\Research frontend\asp net vue\HelloWorld\HelloWorld\node_modules\vuex-persist\node_modules\is-posix-bracket
68 silly idealTree:prePrune │ ├── C:\Dev\Utk\Research frontend\asp net vue\HelloWorld\HelloWorld\node_modules\vuex-persist\node_modules\is-primitive
68 silly idealTree:prePrune │ ├── C:\Dev\Utk\Research frontend\asp net vue\HelloWorld\HelloWorld\node_modules\vuex-persist\node_modules\localforage
68 silly idealTree:prePrune │ ├── C:\Dev\Utk\Research frontend\asp net vue\HelloWorld\HelloWorld\node_modules\vuex-persist\node_modules\@types\lodash
68 silly idealTree:prePrune │ ├── lodash.merge@4.6.1
68 silly idealTree:prePrune │ ├── C:\Dev\Utk\Research frontend\asp net vue\HelloWorld\HelloWorld\node_modules\vuex-persist\node_modules\@types\marked
68 silly idealTree:prePrune │ ├── C:\Dev\Utk\Research frontend\asp net vue\HelloWorld\HelloWorld\node_modules\vuex-persist\node_modules\@types\minimatch
68 silly idealTree:prePrune │ ├── C:\Dev\Utk\Research frontend\asp net vue\HelloWorld\HelloWorld\node_modules\vuex-persist\node_modules\@types\mocha
68 silly idealTree:prePrune │ ├─┬ C:\Dev\Utk\Research frontend\asp net vue\HelloWorld\HelloWorld\node_modules\vuex-persist\node_modules\nyc
68 silly idealTree:prePrune │ │ ├─┬ C:\Dev\Utk\Research frontend\asp net vue\HelloWorld\HelloWorld\node_modules\vuex-persist\node_modules\nyc\node_modules\has-values
68 silly idealTree:prePrune │ │ │ └── C:\Dev\Utk\Research frontend\asp net vue\HelloWorld\HelloWorld\node_modules\vuex-persist\node_modules\nyc\node_modules\has-values\node_modules\kind-of
68 silly idealTree:prePrune │ │ ├── C:\Dev\Utk\Research frontend\asp net vue\HelloWorld\HelloWorld\node_modules\vuex-persist\node_modules\nyc\node_modules\is-descriptor
68 silly idealTree:prePrune │ │ ├── C:\Dev\Utk\Research frontend\asp net vue\HelloWorld\HelloWorld\node_modules\vuex-persist\node_modules\nyc\node_modules\is-odd
68 silly idealTree:prePrune │ │ ├── C:\Dev\Utk\Research frontend\asp net vue\HelloWorld\HelloWorld\node_modules\vuex-persist\node_modules\nyc\node_modules\is-primitive
68 silly idealTree:prePrune │ │ ├── C:\Dev\Utk\Research frontend\asp net vue\HelloWorld\HelloWorld\node_modules\vuex-persist\node_modules\nyc\node_modules\is-stream
68 silly idealTree:prePrune │ │ ├── C:\Dev\Utk\Research frontend\asp net vue\HelloWorld\HelloWorld\node_modules\vuex-persist\node_modules\nyc\node_modules\is-utf8
68 silly idealTree:prePrune │ │ ├── C:\Dev\Utk\Research frontend\asp net vue\HelloWorld\HelloWorld\node_modules\vuex-persist\node_modules\nyc\node_modules\is-windows
68 silly idealTree:prePrune │ │ ├── C:\Dev\Utk\Research frontend\asp net vue\HelloWorld\HelloWorld\node_modules\vuex-persist\node_modules\nyc\node_modules\lcid
68 silly idealTree:prePrune │ │ ├── C:\Dev\Utk\Research frontend\asp net vue\HelloWorld\HelloWorld\node_modules\vuex-persist\node_modules\nyc\node_modules\load-json-file
68 silly idealTree:prePrune │ │ ├─┬ C:\Dev\Utk\Research frontend\asp net vue\HelloWorld\HelloWorld\node_modules\vuex-persist\node_modules\nyc\node_modules\object-copy
68 silly idealTree:prePrune │ │ │ └── C:\Dev\Utk\Research frontend\asp net vue\HelloWorld\HelloWorld\node_modules\vuex-persist\node_modules\nyc\node_modules\object-copy\node_modules\define-property
68 silly idealTree:prePrune │ │ ├─┬ C:\Dev\Utk\Research frontend\asp net vue\HelloWorld\HelloWorld\node_modules\vuex-persist\node_modules\nyc\node_modules\object.pick
68 silly idealTree:prePrune │ │ │ └── C:\Dev\Utk\Research frontend\asp net vue\HelloWorld\HelloWorld\node_modules\vuex-persist\node_modules\nyc\node_modules\object.pick\node_modules\isobject
68 silly idealTree:prePrune │ │ ├── C:\Dev\Utk\Research frontend\asp net vue\HelloWorld\HelloWorld\node_modules\vuex-persist\node_modules\nyc\node_modules\semver
68 silly idealTree:prePrune │ │ ├── C:\Dev\Utk\Research frontend\asp net vue\HelloWorld\HelloWorld\node_modules\vuex-persist\node_modules\nyc\node_modules\signal-exit
68 silly idealTree:prePrune │ │ ├── C:\Dev\Utk\Research frontend\asp net vue\HelloWorld\HelloWorld\node_modules\vuex-persist\node_modules\nyc\node_modules\spdx-expression-parse
68 silly idealTree:prePrune │ │ └── C:\Dev\Utk\Research frontend\asp net vue\HelloWorld\HelloWorld\node_modules\vuex-persist\node_modules\nyc\node_modules\spdx-license-ids
68 silly idealTree:prePrune │ ├── C:\Dev\Utk\Research frontend\asp net vue\HelloWorld\HelloWorld\node_modules\vuex-persist\node_modules\rollup
68 silly idealTree:prePrune │ ├── C:\Dev\Utk\Research frontend\asp net vue\HelloWorld\HelloWorld\node_modules\vuex-persist\node_modules\typedoc
68 silly idealTree:prePrune │ ├── C:\Dev\Utk\Research frontend\asp net vue\HelloWorld\HelloWorld\node_modules\vuex-persist\node_modules\wrappy
68 silly idealTree:prePrune │ └── C:\Dev\Utk\Research frontend\asp net vue\HelloWorld\HelloWorld\node_modules\vuex-persist\node_modules\yn
68 silly idealTree:prePrune └── vuex-typescript@3.0.2
69 silly loadIdealTree Finishing
70 silly currentTree asp.net@1.0.0
70 silly currentTree ├── @types/jquery@3.3.1
70 silly currentTree ├── @types/lodash@4.14.104
70 silly currentTree ├── @types/node@9.4.7
70 silly currentTree ├── axios@0.18.0
70 silly currentTree ├── babel-runtime@6.26.0
70 silly currentTree ├── bootstrap@4.0.0
70 silly currentTree ├── core-js@2.5.3
70 silly currentTree ├── debug@3.1.0
70 silly currentTree ├── follow-redirects@1.4.1
70 silly currentTree ├── is-buffer@1.1.6
70 silly currentTree ├── jquery@3.3.1
70 silly currentTree ├── jquery.easing@1.4.1
70 silly currentTree ├── lodash@4.17.5
70 silly currentTree ├── lodash.merge@4.6.1
70 silly currentTree ├── ms@2.0.0
70 silly currentTree ├── popper.js@1.12.9
70 silly currentTree ├── regenerator-runtime@0.11.1
70 silly currentTree ├── C:\Dev\Utk\Research frontend\asp net vue\HelloWorld\HelloWorld\node_modules\select2
70 silly currentTree ├── C:\Dev\Utk\Research frontend\asp net vue\HelloWorld\HelloWorld\node_modules\syncfusion
70 silly currentTree ├── C:\Dev\Utk\Research frontend\asp net vue\HelloWorld\HelloWorld\node_modules\@types\syncfusion
70 silly currentTree ├── systemjs@0.21.0
70 silly currentTree ├── vue@2.5.13
70 silly currentTree ├── vue-async-data-2@0.0.2
70 silly currentTree ├── vue-select@2.4.0
70 silly currentTree ├── vuex@3.0.1
70 silly currentTree ├─┬ vuex-persist@1.1.4
70 silly currentTree │ ├── C:\Dev\Utk\Research frontend\asp net vue\HelloWorld\HelloWorld\node_modules\vuex-persist\node_modules\handlebars
70 silly currentTree │ ├── C:\Dev\Utk\Research frontend\asp net vue\HelloWorld\HelloWorld\node_modules\vuex-persist\node_modules\inherits
70 silly currentTree │ ├── C:\Dev\Utk\Research frontend\asp net vue\HelloWorld\HelloWorld\node_modules\vuex-persist\node_modules\interpret
70 silly currentTree │ ├── C:\Dev\Utk\Research frontend\asp net vue\HelloWorld\HelloWorld\node_modules\vuex-persist\node_modules\is-buffer
70 silly currentTree │ ├── C:\Dev\Utk\Research frontend\asp net vue\HelloWorld\HelloWorld\node_modules\vuex-persist\node_modules\is-dotfile
70 silly currentTree │ ├── C:\Dev\Utk\Research frontend\asp net vue\HelloWorld\HelloWorld\node_modules\vuex-persist\node_modules\is-equal-shallow
70 silly currentTree │ ├── C:\Dev\Utk\Research frontend\asp net vue\HelloWorld\HelloWorld\node_modules\vuex-persist\node_modules\is-extendable
70 silly currentTree │ ├── C:\Dev\Utk\Research frontend\asp net vue\HelloWorld\HelloWorld\node_modules\vuex-persist\node_modules\is-extglob
70 silly currentTree │ ├── C:\Dev\Utk\Research frontend\asp net vue\HelloWorld\HelloWorld\node_modules\vuex-persist\node_modules\is-posix-bracket
70 silly currentTree │ ├── C:\Dev\Utk\Research frontend\asp net vue\HelloWorld\HelloWorld\node_modules\vuex-persist\node_modules\is-primitive
70 silly currentTree │ ├── C:\Dev\Utk\Research frontend\asp net vue\HelloWorld\HelloWorld\node_modules\vuex-persist\node_modules\localforage
70 silly currentTree │ ├── C:\Dev\Utk\Research frontend\asp net vue\HelloWorld\HelloWorld\node_modules\vuex-persist\node_modules\@types\lodash
70 silly currentTree │ ├── C:\Dev\Utk\Research frontend\asp net vue\HelloWorld\HelloWorld\node_modules\vuex-persist\node_modules\@types\lodash.merge
70 silly currentTree │ ├── C:\Dev\Utk\Research frontend\asp net vue\HelloWorld\HelloWorld\node_modules\vuex-persist\node_modules\@types\marked
70 silly currentTree │ ├── C:\Dev\Utk\Research frontend\asp net vue\HelloWorld\HelloWorld\node_modules\vuex-persist\node_modules\@types\minimatch
70 silly currentTree │ ├── C:\Dev\Utk\Research frontend\asp net vue\HelloWorld\HelloWorld\node_modules\vuex-persist\node_modules\@types\mocha
70 silly currentTree │ ├─┬ C:\Dev\Utk\Research frontend\asp net vue\HelloWorld\HelloWorld\node_modules\vuex-persist\node_modules\nyc
70 silly currentTree │ │ ├─┬ C:\Dev\Utk\Research frontend\asp net vue\HelloWorld\HelloWorld\node_modules\vuex-persist\node_modules\nyc\node_modules\has-values
70 silly currentTree │ │ │ └── C:\Dev\Utk\Research frontend\asp net vue\HelloWorld\HelloWorld\node_modules\vuex-persist\node_modules\nyc\node_modules\has-values\node_modules\kind-of
70 silly currentTree │ │ ├── C:\Dev\Utk\Research frontend\asp net vue\HelloWorld\HelloWorld\node_modules\vuex-persist\node_modules\nyc\node_modules\is-descriptor
70 silly currentTree │ │ ├── C:\Dev\Utk\Research frontend\asp net vue\HelloWorld\HelloWorld\node_modules\vuex-persist\node_modules\nyc\node_modules\is-odd
70 silly currentTree │ │ ├── C:\Dev\Utk\Research frontend\asp net vue\HelloWorld\HelloWorld\node_modules\vuex-persist\node_modules\nyc\node_modules\is-primitive
70 silly currentTree │ │ ├── C:\Dev\Utk\Research frontend\asp net vue\HelloWorld\HelloWorld\node_modules\vuex-persist\node_modules\nyc\node_modules\is-stream
70 silly currentTree │ │ ├── C:\Dev\Utk\Research frontend\asp net vue\HelloWorld\HelloWorld\node_modules\vuex-persist\node_modules\nyc\node_modules\is-utf8
70 silly currentTree │ │ ├── C:\Dev\Utk\Research frontend\asp net vue\HelloWorld\HelloWorld\node_modules\vuex-persist\node_modules\nyc\node_modules\is-windows
70 silly currentTree │ │ ├── C:\Dev\Utk\Research frontend\asp net vue\HelloWorld\HelloWorld\node_modules\vuex-persist\node_modules\nyc\node_modules\lcid
70 silly currentTree │ │ ├── C:\Dev\Utk\Research frontend\asp net vue\HelloWorld\HelloWorld\node_modules\vuex-persist\node_modules\nyc\node_modules\load-json-file
70 silly currentTree │ │ ├─┬ C:\Dev\Utk\Research frontend\asp net vue\HelloWorld\HelloWorld\node_modules\vuex-persist\node_modules\nyc\node_modules\object-copy
70 silly currentTree │ │ │ └── C:\Dev\Utk\Research frontend\asp net vue\HelloWorld\HelloWorld\node_modules\vuex-persist\node_modules\nyc\node_modules\object-copy\node_modules\define-property
70 silly currentTree │ │ ├─┬ C:\Dev\Utk\Research frontend\asp net vue\HelloWorld\HelloWorld\node_modules\vuex-persist\node_modules\nyc\node_modules\object.pick
70 silly currentTree │ │ │ └── C:\Dev\Utk\Research frontend\asp net vue\HelloWorld\HelloWorld\node_modules\vuex-persist\node_modules\nyc\node_modules\object.pick\node_modules\isobject
70 silly currentTree │ │ ├── C:\Dev\Utk\Research frontend\asp net vue\HelloWorld\HelloWorld\node_modules\vuex-persist\node_modules\nyc\node_modules\semver
70 silly currentTree │ │ ├── C:\Dev\Utk\Research frontend\asp net vue\HelloWorld\HelloWorld\node_modules\vuex-persist\node_modules\nyc\node_modules\signal-exit
70 silly currentTree │ │ ├── C:\Dev\Utk\Research frontend\asp net vue\HelloWorld\HelloWorld\node_modules\vuex-persist\node_modules\nyc\node_modules\spdx-expression-parse
70 silly currentTree │ │ └── C:\Dev\Utk\Research frontend\asp net vue\HelloWorld\HelloWorld\node_modules\vuex-persist\node_modules\nyc\node_modules\spdx-license-ids
70 silly currentTree │ ├── C:\Dev\Utk\Research frontend\asp net vue\HelloWorld\HelloWorld\node_modules\vuex-persist\node_modules\rollup
70 silly currentTree │ ├── C:\Dev\Utk\Research frontend\asp net vue\HelloWorld\HelloWorld\node_modules\vuex-persist\node_modules\typedoc
70 silly currentTree │ ├── C:\Dev\Utk\Research frontend\asp net vue\HelloWorld\HelloWorld\node_modules\vuex-persist\node_modules\wrappy
70 silly currentTree │ └── C:\Dev\Utk\Research frontend\asp net vue\HelloWorld\HelloWorld\node_modules\vuex-persist\node_modules\yn
70 silly currentTree └── vuex-typescript@3.0.2
71 silly idealTree asp.net@1.0.0
71 silly idealTree ├── @types/jquery@3.3.1
71 silly idealTree ├── @types/lodash@4.14.104
71 silly idealTree ├── @types/node@9.4.7
71 silly idealTree ├── axios@0.18.0
71 silly idealTree ├── babel-runtime@6.26.0
71 silly idealTree ├── bootstrap@4.0.0
71 silly idealTree ├── core-js@2.5.3
71 silly idealTree ├── debug@3.1.0
71 silly idealTree ├── follow-redirects@1.4.1
71 silly idealTree ├── is-buffer@1.1.6
71 silly idealTree ├── jquery@3.3.1
71 silly idealTree ├── jquery.easing@1.4.1
71 silly idealTree ├── lodash@4.17.5
71 silly idealTree ├── lodash.merge@4.6.1
71 silly idealTree ├── ms@2.0.0
71 silly idealTree ├── popper.js@1.12.9
71 silly idealTree ├── regenerator-runtime@0.11.1
71 silly idealTree ├── C:\Dev\Utk\Research frontend\asp net vue\HelloWorld\HelloWorld\node_modules\select2
71 silly idealTree ├── C:\Dev\Utk\Research frontend\asp net vue\HelloWorld\HelloWorld\node_modules\syncfusion
71 silly idealTree ├── C:\Dev\Utk\Research frontend\asp net vue\HelloWorld\HelloWorld\node_modules\@types\syncfusion
71 silly idealTree ├── systemjs@0.21.0
71 silly idealTree ├── vue@2.5.13
71 silly idealTree ├── vue-async-computed@3.3.1
71 silly idealTree ├── vue-async-data-2@0.0.2
71 silly idealTree ├── vue-select@2.4.0
71 silly idealTree ├── vuex@3.0.1
71 silly idealTree ├─┬ vuex-persist@1.1.4
71 silly idealTree │ └── lodash.merge@4.6.1
71 silly idealTree └── vuex-typescript@3.0.2
72 silly generateActionsToTake Starting
73 silly install generateActionsToTake
74 warn checkPermissions Missing write access to C:\Dev\Utk\Research frontend\asp net vue\HelloWorld\HelloWorld\node_modules\vuex-persist\node_modules\lodash.merge
75 silly rollbackFailedOptional Starting
76 silly rollbackFailedOptional Finishing
77 silly runTopLevelLifecycles Starting
78 silly runTopLevelLifecycles Finishing
79 silly install printInstalled
80 warn ENOENT ENOENT: no such file or directory, open 'C:\Dev\Utk\Research frontend\asp net vue\HelloWorld\HelloWorld\node_modules\@types\syncfusion\package.json'
81 warn ENOENT ENOENT: no such file or directory, open 'C:\Dev\Utk\Research frontend\asp net vue\HelloWorld\HelloWorld\node_modules\select2\package.json'
82 verbose stack Error: ENOENT: no such file or directory, access 'C:\Dev\Utk\Research frontend\asp net vue\HelloWorld\HelloWorld\node_modules\vuex-persist\node_modules\lodash.merge'
82 verbose stack     at Error (native)
83 verbose cwd C:\Dev\Utk\Research frontend\asp net vue\HelloWorld\HelloWorld
84 error Windows_NT 10.0.16299
85 error argv "C:\\Program Files (x86)\\Microsoft Visual Studio\\2017\\Enterprise\\Web\\External\\Node.exe" "C:\\Program Files (x86)\\Microsoft Visual Studio\\2017\\Enterprise\\Web\\External\\node_modules\\npm\\bin\\npm-cli.js" "install" "vue-async-computed@3.3.1"
86 error node v5.4.1
87 error npm  v3.3.4
88 error path C:\Dev\Utk\Research frontend\asp net vue\HelloWorld\HelloWorld\node_modules\vuex-persist\node_modules\lodash.merge
89 error code ENOENT
90 error errno -4058
91 error syscall access
92 error enoent ENOENT: no such file or directory, access 'C:\Dev\Utk\Research frontend\asp net vue\HelloWorld\HelloWorld\node_modules\vuex-persist\node_modules\lodash.merge'
92 error enoent This is most likely not a problem with npm itself
92 error enoent and is related to npm not being able to find a file.
93 verbose exit [ -4058, true ]
